<?xml version="1.0" encoding="UTF-8"?>
<testng-results skipped="0" failed="0" ignored="0" total="1" passed="1">
  <reporter-output>
  </reporter-output>
  <suite name="Default suite" duration-ms="32565" started-at="2019-10-01T12:24:12 IST" finished-at="2019-10-01T12:24:45 IST">
    <groups>
    </groups>
    <test name="Default test" duration-ms="32565" started-at="2019-10-01T12:24:12 IST" finished-at="2019-10-01T12:24:45 IST">
      <class name="com.test.apachepoi_demo1">
        <test-method status="PASS" signature="f()[pri:0, instance:com.test.apachepoi_demo1@79be0360]" name="f" duration-ms="32491" started-at="2019-10-01T12:24:12 IST" finished-at="2019-10-01T12:24:45 IST">
          <reporter-output>
          </reporter-output>
        </test-method> <!-- f -->
      </class> <!-- com.test.apachepoi_demo1 -->
    </test> <!-- Default test -->
  </suite> <!-- Default suite -->
</testng-results>
